{
  "RSpec": {
    "coverage": {
      "/Users/anamariasuciu/Documents/MakersAcademy/otherpplscode/oystercard/spec/oystercard_spec.rb": [
        1,
        null,
        1,
        11,
        2,
        null,
        1,
        1,
        1,
        null,
        null,
        null,
        1,
        3,
        1,
        1,
        null,
        1,
        2,
        null,
        null,
        null,
        null,
        1,
        1,
        3,
        3,
        null,
        1,
        1,
        1,
        null,
        null,
        1,
        1,
        2,
        null,
        null,
        1,
        1,
        null,
        null,
        null,
        null,
        1,
        1,
        5,
        5,
        5,
        null,
        1,
        null,
        1,
        1,
        null,
        null,
        1,
        4,
        null,
        null,
        1,
        1,
        null,
        null,
        null,
        null,
        1,
        1,
        null,
        null,
        1,
        1,
        1,
        1,
        null,
        null,
        null,
        null,
        1,
        1,
        1,
        2,
        2,
        null,
        1,
        1,
        null,
        null,
        1,
        1,
        1,
        null,
        null,
        null,
        null
      ],
      "/Users/anamariasuciu/Documents/MakersAcademy/otherpplscode/oystercard/lib/oystercard.rb": [
        1,
        1,
        1,
        1,
        1,
        null,
        1,
        14,
        14,
        14,
        null,
        null,
        1,
        12,
        11,
        null,
        null,
        1,
        13,
        null,
        12,
        12,
        null,
        null,
        1,
        9,
        9,
        9,
        9,
        9,
        null,
        null,
        1,
        2,
        null,
        null,
        1,
        null,
        1,
        0,
        null,
        null
      ],
      "/Users/anamariasuciu/Documents/MakersAcademy/otherpplscode/oystercard/spec/station_spec.rb": [

      ]
    },
    "timestamp": 1492701141
  }
}
