{
  "RSpec": {
    "coverage": {
      "/Users/anamariasuciu/Documents/MakersAcademy/otherpplscode/oystercard/spec/oystercard_spec.rb": [
        1,
        null,
        1,
        10,
        1,
        1,
        null,
        null,
        null,
        null,
        null,
        1,
        1,
        1,
        null,
        null,
        null,
        1,
        3,
        1,
        1,
        null,
        1,
        2,
        null,
        null,
        null,
        null,
        null,
        1,
        1,
        3,
        3,
        null,
        1,
        1,
        1,
        null,
        null,
        1,
        1,
        2,
        null,
        null,
        1,
        1,
        null,
        null,
        null,
        null,
        1,
        1,
        4,
        4,
        4,
        null,
        1,
        null,
        1,
        1,
        null,
        null,
        1,
        4,
        null,
        null,
        1,
        1,
        null,
        null,
        null,
        1,
        1,
        1,
        1,
        null,
        null,
        null,
        null,
        null,
        null,
        1,
        1,
        1,
        2,
        2,
        null,
        1,
        1,
        null,
        null,
        1,
        1,
        1,
        null,
        null,
        null,
        null
      ],
      "/Users/anamariasuciu/Documents/MakersAcademy/otherpplscode/oystercard/lib/oystercard.rb": [
        1,
        1,
        1,
        1,
        1,
        null,
        1,
        13,
        13,
        13,
        null,
        null,
        1,
        11,
        10,
        null,
        null,
        1,
        12,
        null,
        11,
        11,
        null,
        null,
        1,
        8,
        8,
        8,
        8,
        8,
        null,
        null,
        1,
        2,
        null,
        null,
        1,
        null,
        1,
        0,
        null,
        null
      ],
      "/Users/anamariasuciu/Documents/MakersAcademy/otherpplscode/oystercard/spec/station_spec.rb": [

      ]
    },
    "timestamp": 1492700223
  }
}
